<?xml version="1.0" encoding="UTF-8"?>
<!-- Generated by org.testng.reporters.JUnitXMLReporter -->
<testsuite ignored="0" hostname="DESKTOP-T7MPPON" failures="0" tests="5" name="Default test" time="8.105" errors="0" timestamp="2023-02-21T17:56:21 IST">
  <testcase classname="TestCases.testcases" name="regression" time="0.009"/>
  <testcase classname="TestCases.testcases" name="smoke" time="0.001"/>
  <testcase classname="TestCases.testcases" name="beforetest" time="7.52"/>
  <testcase classname="TestCases.testcases" name="validate" time="0.187"/>
  <testcase classname="TestCases.testcases" name="close" time="0.322"/>
</testsuite> <!-- Default test -->
