<?xml version="1.0" encoding="UTF-8"?>
<!-- Generated by org.testng.reporters.JUnitXMLReporter -->
<testsuite ignored="1" hostname="DESKTOP-T7MPPON" failures="0" tests="4" name="Test" time="6.401" errors="0" timestamp="2023-02-21T09:45:09 IST">
  <testcase classname="TestCases.testcases" name="regression" time="0.008"/>
  <testcase classname="TestCases.testcases" name="beforetest" time="6.013"/>
  <testcase classname="TestCases.testcases" name="validate" time="0.104"/>
  <testcase classname="TestCases.testcases" name="close" time="0.204"/>
  <testcase classname="TestCases.testcases" name="smoke" time="0.0">
    <ignored/>
  </testcase> <!-- smoke -->
</testsuite> <!-- Test -->
